  Engine.cpp
C:\Users\USER\Desktop\game\maingame\menu.h(10,28): warning C4244: аргумент: преобразование "int" в "float", возможна потеря данных
C:\Users\USER\Desktop\game\maingame\map.h(61,87): warning C4244: аргумент: преобразование "int" в "float", возможна потеря данных
C:\Users\USER\Desktop\game\maingame\map.h(61,65): warning C4244: аргумент: преобразование "int" в "float", возможна потеря данных
C:\Users\USER\Desktop\game\maingame\Engine.cpp(17,47): warning C4244: =: преобразование "unsigned int" в "T", возможна потеря данных
          with
          [
              T=float
          ]
C:\Users\USER\Desktop\game\maingame\Engine.cpp(18,47): warning C4244: =: преобразование "unsigned int" в "T", возможна потеря данных
          with
          [
              T=float
          ]
C:\Users\USER\Desktop\game\maingame\Engine.cpp(50,24): warning C4244: инициализация: преобразование "sf::Int32" в "float", возможна потеря данных
C:\Users\USER\Desktop\game\maingame\Engine.cpp(76,29): warning C4244: =: преобразование "double" в "T", возможна потеря данных
          with
          [
              T=float
          ]
C:\Users\USER\Desktop\game\maingame\Engine.cpp(77,29): warning C4244: =: преобразование "double" в "T", возможна потеря данных
          with
          [
              T=float
          ]
C:\Users\USER\Desktop\game\maingame\Engine.cpp(208,98): warning C4244: аргумент: преобразование "unsigned int" в "T", возможна потеря данных
          with
          [
              T=float
          ]
C:\Users\USER\Desktop\game\maingame\Engine.cpp(208,63): warning C4244: аргумент: преобразование "unsigned int" в "T", возможна потеря данных
          with
          [
              T=float
          ]
C:\Users\USER\Desktop\game\maingame\Engine.cpp(298,32): warning C4244: =: преобразование "float" в "int", возможна потеря данных
C:\Users\USER\Desktop\game\maingame\Engine.cpp(299,32): warning C4244: =: преобразование "float" в "int", возможна потеря данных
C:\Users\USER\Desktop\game\maingame\Engine.cpp(300,28): warning C4244: =: преобразование "float" в "int", возможна потеря данных
C:\Users\USER\Desktop\game\maingame\Engine.cpp(301,28): warning C4244: =: преобразование "float" в "int", возможна потеря данных
C:\Users\USER\Desktop\game\maingame\Engine.cpp(308,39): warning C4244: аргумент: преобразование "int" в "float", возможна потеря данных
C:\Users\USER\Desktop\game\maingame\Engine.cpp(308,34): warning C4244: аргумент: преобразование "int" в "float", возможна потеря данных
C:\Users\USER\Desktop\game\maingame\Engine.cpp(321,39): warning C4244: аргумент: преобразование "int" в "float", возможна потеря данных
C:\Users\USER\Desktop\game\maingame\Engine.cpp(321,34): warning C4244: аргумент: преобразование "int" в "float", возможна потеря данных
C:\Users\USER\Desktop\game\maingame\Engine.cpp(334,41): warning C4244: аргумент: преобразование "int" в "float", возможна потеря данных
C:\Users\USER\Desktop\game\maingame\Engine.cpp(334,36): warning C4244: аргумент: преобразование "int" в "float", возможна потеря данных
C:\Users\USER\Desktop\game\maingame\Engine.cpp(347,41): warning C4244: аргумент: преобразование "int" в "float", возможна потеря данных
C:\Users\USER\Desktop\game\maingame\Engine.cpp(347,36): warning C4244: аргумент: преобразование "int" в "float", возможна потеря данных
C:\Users\USER\Desktop\game\maingame\Engine.cpp(474,24): warning C4244: =: преобразование "float" в "int", возможна потеря данных
C:\Users\USER\Desktop\game\maingame\Engine.cpp(475,18): warning C4244: =: преобразование "float" в "int", возможна потеря данных
C:\Users\USER\Desktop\game\maingame\Engine.cpp(476,24): warning C4244: =: преобразование "float" в "int", возможна потеря данных
C:\Users\USER\Desktop\game\maingame\Engine.cpp(477,18): warning C4244: =: преобразование "float" в "int", возможна потеря данных
C:\Users\USER\Desktop\game\maingame\Engine.cpp(497,77): warning C4244: аргумент: преобразование "int" в "float", возможна потеря данных
C:\Users\USER\Desktop\game\maingame\Engine.cpp(497,57): warning C4244: аргумент: преобразование "int" в "float", возможна потеря данных
C:\Users\USER\Desktop\game\maingame\Engine.cpp(497,136): warning C4244: аргумент: преобразование "int" в "float", возможна потеря данных
C:\Users\USER\Desktop\game\maingame\Engine.cpp(497,102): warning C4244: аргумент: преобразование "int" в "float", возможна потеря данных
C:\Users\USER\Desktop\game\maingame\Engine.cpp(502,67): warning C4244: аргумент: преобразование "int" в "float", возможна потеря данных
C:\Users\USER\Desktop\game\maingame\Engine.cpp(502,62): warning C4244: аргумент: преобразование "int" в "float", возможна потеря данных
C:\Users\USER\Desktop\game\maingame\Engine.cpp(502,111): warning C4244: аргумент: преобразование "int" в "float", возможна потеря данных
C:\Users\USER\Desktop\game\maingame\Engine.cpp(502,92): warning C4244: аргумент: преобразование "int" в "float", возможна потеря данных
C:\Users\USER\Desktop\game\maingame\Engine.cpp(507,85): warning C4244: аргумент: преобразование "int" в "float", возможна потеря данных
C:\Users\USER\Desktop\game\maingame\Engine.cpp(507,80): warning C4244: аргумент: преобразование "int" в "float", возможна потеря данных
C:\Users\USER\Desktop\game\maingame\Engine.cpp(507,131): warning C4244: аргумент: преобразование "int" в "float", возможна потеря данных
C:\Users\USER\Desktop\game\maingame\Engine.cpp(507,124): warning C4244: аргумент: преобразование "int" в "float", возможна потеря данных
C:\Users\USER\Desktop\game\maingame\Engine.cpp(512,69): warning C4244: аргумент: преобразование "int" в "float", возможна потеря данных
C:\Users\USER\Desktop\game\maingame\Engine.cpp(512,64): warning C4244: аргумент: преобразование "int" в "float", возможна потеря данных
C:\Users\USER\Desktop\game\maingame\Engine.cpp(512,99): warning C4244: аргумент: преобразование "int" в "float", возможна потеря данных
C:\Users\USER\Desktop\game\maingame\Engine.cpp(512,92): warning C4244: аргумент: преобразование "int" в "float", возможна потеря данных
C:\Users\USER\Desktop\game\maingame\Engine.cpp(532,11): warning C4244: инициализация: преобразование "float" в "int", возможна потеря данных
C:\Users\USER\Desktop\game\maingame\Engine.cpp(533,11): warning C4244: инициализация: преобразование "float" в "int", возможна потеря данных
C:\Users\USER\Desktop\game\maingame\Engine.cpp(538,40): warning C4244: аргумент: преобразование "int" в "T", возможна потеря данных
          with
          [
              T=float
          ]
C:\Users\USER\Desktop\game\maingame\Engine.cpp(538,37): warning C4244: аргумент: преобразование "int" в "T", возможна потеря данных
          with
          [
              T=float
          ]
C:\Users\USER\Desktop\game\maingame\Engine.cpp(556,33): warning C4244: аргумент: преобразование "int" в "float", возможна потеря данных
C:\Users\USER\Desktop\game\maingame\Engine.cpp(557,33): warning C4244: аргумент: преобразование "int" в "float", возможна потеря данных
C:\Users\USER\Desktop\game\maingame\Engine.cpp(586,11): warning C4244: инициализация: преобразование "float" в "int", возможна потеря данных
C:\Users\USER\Desktop\game\maingame\Engine.cpp(587,11): warning C4244: инициализация: преобразование "float" в "int", возможна потеря данных
C:\Users\USER\Desktop\game\maingame\Engine.cpp(610,33): warning C4244: аргумент: преобразование "int" в "T", возможна потеря данных
          with
          [
              T=float
          ]
C:\Users\USER\Desktop\game\maingame\Engine.cpp(610,30): warning C4244: аргумент: преобразование "int" в "T", возможна потеря данных
          with
          [
              T=float
          ]
C:\Users\USER\Desktop\game\maingame\Engine.cpp(632,98): warning C4244: аргумент: преобразование "unsigned int" в "T", возможна потеря данных
          with
          [
              T=float
          ]
C:\Users\USER\Desktop\game\maingame\Engine.cpp(632,63): warning C4244: аргумент: преобразование "unsigned int" в "T", возможна потеря данных
          with
          [
              T=float
          ]
  IFile.cpp
C:\Users\USER\Desktop\game\maingame\map.h(61,87): warning C4244: аргумент: преобразование "int" в "float", возможна потеря данных
C:\Users\USER\Desktop\game\maingame\map.h(61,65): warning C4244: аргумент: преобразование "int" в "float", возможна потеря данных
  main.cpp
C:\Users\USER\Desktop\game\maingame\menu.h(10,28): warning C4244: аргумент: преобразование "int" в "float", возможна потеря данных
C:\Users\USER\Desktop\game\maingame\map.h(61,87): warning C4244: аргумент: преобразование "int" в "float", возможна потеря данных
C:\Users\USER\Desktop\game\maingame\map.h(61,65): warning C4244: аргумент: преобразование "int" в "float", возможна потеря данных
C:\Users\USER\Desktop\game\maingame\main.cpp(41,17): warning C4244: инициализация: преобразование "unsigned int" в "float", возможна потеря данных
C:\Users\USER\Desktop\game\maingame\main.cpp(42,18): warning C4244: инициализация: преобразование "unsigned int" в "float", возможна потеря данных
  map.cpp
C:\Users\USER\Desktop\game\maingame\map.h(61,87): warning C4244: аргумент: преобразование "int" в "float", возможна потеря данных
C:\Users\USER\Desktop\game\maingame\map.h(61,65): warning C4244: аргумент: преобразование "int" в "float", возможна потеря данных
C:\Users\USER\Desktop\game\maingame\map.cpp(5,47): warning C4244: =: преобразование "unsigned int" в "float", возможна потеря данных
C:\Users\USER\Desktop\game\maingame\map.cpp(6,49): warning C4244: =: преобразование "unsigned int" в "float", возможна потеря данных
C:\Users\USER\Desktop\game\maingame\map.cpp(7,16): warning C4244: =: преобразование "float" в "int", возможна потеря данных
C:\Users\USER\Desktop\game\maingame\map.cpp(8,17): warning C4244: =: преобразование "float" в "int", возможна потеря данных
C:\Users\USER\Desktop\game\maingame\map.cpp(25,58): warning C4244: аргумент: преобразование "int" в "T", возможна потеря данных
          with
          [
              T=float
          ]
C:\Users\USER\Desktop\game\maingame\map.cpp(25,41): warning C4244: аргумент: преобразование "int" в "T", возможна потеря данных
          with
          [
              T=float
          ]
C:\Users\USER\Desktop\game\maingame\map.cpp(40,38): warning C4244: аргумент: преобразование "int" в "float", возможна потеря данных
C:\Users\USER\Desktop\game\maingame\map.cpp(40,30): warning C4244: аргумент: преобразование "int" в "float", возможна потеря данных
C:\Users\USER\Desktop\game\maingame\map.cpp(45,39): warning C4244: аргумент: преобразование "int" в "float", возможна потеря данных
C:\Users\USER\Desktop\game\maingame\map.cpp(45,31): warning C4244: аргумент: преобразование "int" в "float", возможна потеря данных
C:\Users\USER\Desktop\game\maingame\map.cpp(74,12): warning C4244: аргумент: преобразование "time_t" в "unsigned int", возможна потеря данных
C:\Users\USER\Desktop\game\maingame\map.cpp(147,62): warning C4244: аргумент: преобразование "double" в "T", возможна потеря данных
          with
          [
              T=float
          ]
C:\Users\USER\Desktop\game\maingame\map.cpp(147,39): warning C4244: аргумент: преобразование "double" в "T", возможна потеря данных
          with
          [
              T=float
          ]
  menu.cpp
C:\Users\USER\Desktop\game\maingame\menu.h(10,28): warning C4244: аргумент: преобразование "int" в "float", возможна потеря данных
C:\Users\USER\Desktop\game\maingame\menu.cpp(40,23): warning C4244: инициализация: преобразование "float" в "int", возможна потеря данных
C:\Users\USER\Desktop\game\maingame\menu.cpp(42,44): warning C4244: аргумент: преобразование "int" в "float", возможна потеря данных
  Opponent.cpp
  Player.cpp
  Создание кода...
C:\Users\USER\Desktop\game\maingame\map.cpp(64): warning C4715: Map::itsWall: значение возвращается не при всех путях выполнения
  maingame.vcxproj -> C:\Users\USER\Desktop\game\maingame\x64\Debug\maingame.exe
